The system is: Darwin - 18.2.0 - x86_64
Compiling the C compiler identification source file "CMakeCCompilerId.c" succeeded.
Compiler: /usr/local/eosio.cdt/bin/eosio-cc 
Build flags: 
Id flags:  

The output was:
0
/usr/local/eosio.cdt/bin/wasm-ld: error: undefined symbol: apply


Compilation of the C compiler identification source "CMakeCCompilerId.c" produced "a.out"

The C compiler identification is Clang, found in "/Users/dickyang/Desktop/Data/celesos.contracts/cmake-build-debug/CMakeFiles/3.12.0/CompilerIdC/a.out"

Compiling the CXX compiler identification source file "CMakeCXXCompilerId.cpp" succeeded.
Compiler: /usr/local/eosio.cdt/bin/eosio-cpp 
Build flags: 
Id flags:  

The output was:
0
/usr/local/eosio.cdt/bin/wasm-ld: error: undefined symbol: apply


Compilation of the CXX compiler identification source "CMakeCXXCompilerId.cpp" produced "a.out"

The CXX compiler identification is Clang, found in "/Users/dickyang/Desktop/Data/celesos.contracts/cmake-build-debug/CMakeFiles/3.12.0/CompilerIdCXX/a.out"

Compiling the C compiler identification source file "CMakeCCompilerId.c" succeeded.
Compiler: /usr/local/eosio.cdt/bin/eosio-cc 
Build flags: 
Id flags:  

The output was:
0
/usr/local/eosio.cdt/bin/wasm-ld: error: undefined symbol: apply


Compilation of the C compiler identification source "CMakeCCompilerId.c" produced "a.out"

The C compiler identification is Clang, found in "/Users/dickyang/Desktop/Data/celesos.contracts/cmake-build-debug/CMakeFiles/3.12.0/CompilerIdC/a.out"

Compiling the CXX compiler identification source file "CMakeCXXCompilerId.cpp" succeeded.
Compiler: /usr/local/eosio.cdt/bin/eosio-cpp 
Build flags: 
Id flags:  

The output was:
0
/usr/local/eosio.cdt/bin/wasm-ld: error: undefined symbol: apply


Compilation of the CXX compiler identification source "CMakeCXXCompilerId.cpp" produced "a.out"

The CXX compiler identification is Clang, found in "/Users/dickyang/Desktop/Data/celesos.contracts/cmake-build-debug/CMakeFiles/3.12.0/CompilerIdCXX/a.out"

